<testsuites id="" name="" tests="15" failures="6" skipped="1" errors="0" time="18.805891">
<testsuite name="character-flow.spec.ts" timestamp="2025-09-22T03:36:29.015Z" hostname="chromium" tests="3" failures="0" skipped="0" time="15.511" errors="0">
<testcase name="Character Flow - Essential Tests › should load characters from API and display in table" classname="character-flow.spec.ts" time="3.262">
</testcase>
<testcase name="Character Flow - Essential Tests › should navigate to page 2 via pagination" classname="character-flow.spec.ts" time="3.71">
</testcase>
<testcase name="Character Flow - Essential Tests › should search for &quot;rick&quot; and find Rick Sanchez" classname="character-flow.spec.ts" time="8.539">
</testcase>
</testsuite>
<testsuite name="character-flow.spec.ts" timestamp="2025-09-22T03:36:29.015Z" hostname="firefox" tests="3" failures="0" skipped="0" time="17.737" errors="0">
<testcase name="Character Flow - Essential Tests › should load characters from API and display in table" classname="character-flow.spec.ts" time="4.505">
</testcase>
<testcase name="Character Flow - Essential Tests › should navigate to page 2 via pagination" classname="character-flow.spec.ts" time="4.293">
</testcase>
<testcase name="Character Flow - Essential Tests › should search for &quot;rick&quot; and find Rick Sanchez" classname="character-flow.spec.ts" time="8.939">
</testcase>
</testsuite>
<testsuite name="character-flow.spec.ts" timestamp="2025-09-22T03:36:29.015Z" hostname="webkit" tests="3" failures="3" skipped="0" time="0.021" errors="0">
<testcase name="Character Flow - Essential Tests › should load characters from API and display in table" classname="character-flow.spec.ts" time="0.007">
<failure message="character-flow.spec.ts:16:3 should load characters from API and display in table" type="FAILURE">
<![CDATA[  [webkit] › character-flow.spec.ts:16:3 › Character Flow - Essential Tests › should load characters from API and display in table 

    Error: browserType.launch: 
    ╔══════════════════════════════════════════════════════╗
    ║ Host system is missing dependencies to run browsers. ║
    ║ Missing libraries:                                   ║
    ║     libicudata.so.66                                 ║
    ║     libicui18n.so.66                                 ║
    ║     libicuuc.so.66                                   ║
    ║     libxml2.so.2                                     ║
    ║     libwoff2dec.so.1.0.2                             ║
    ║     libharfbuzz-icu.so.0                             ║
    ║     libwebp.so.6                                     ║
    ║     libenchant-2.so.2                                ║
    ║     libhyphen.so.0                                   ║
    ║     libffi.so.7                                      ║
    ╚══════════════════════════════════════════════════════╝
]]>
</failure>
</testcase>
<testcase name="Character Flow - Essential Tests › should navigate to page 2 via pagination" classname="character-flow.spec.ts" time="0.007">
<failure message="character-flow.spec.ts:37:3 should navigate to page 2 via pagination" type="FAILURE">
<![CDATA[  [webkit] › character-flow.spec.ts:37:3 › Character Flow - Essential Tests › should navigate to page 2 via pagination 

    Error: browserType.launch: 
    ╔══════════════════════════════════════════════════════╗
    ║ Host system is missing dependencies to run browsers. ║
    ║ Missing libraries:                                   ║
    ║     libicudata.so.66                                 ║
    ║     libicui18n.so.66                                 ║
    ║     libicuuc.so.66                                   ║
    ║     libxml2.so.2                                     ║
    ║     libwoff2dec.so.1.0.2                             ║
    ║     libharfbuzz-icu.so.0                             ║
    ║     libwebp.so.6                                     ║
    ║     libenchant-2.so.2                                ║
    ║     libhyphen.so.0                                   ║
    ║     libffi.so.7                                      ║
    ╚══════════════════════════════════════════════════════╝
]]>
</failure>
</testcase>
<testcase name="Character Flow - Essential Tests › should search for &quot;rick&quot; and find Rick Sanchez" classname="character-flow.spec.ts" time="0.007">
<failure message="character-flow.spec.ts:71:3 should search for &quot;rick&quot; and find Rick Sanchez" type="FAILURE">
<![CDATA[  [webkit] › character-flow.spec.ts:71:3 › Character Flow - Essential Tests › should search for "rick" and find Rick Sanchez 

    Error: browserType.launch: 
    ╔══════════════════════════════════════════════════════╗
    ║ Host system is missing dependencies to run browsers. ║
    ║ Missing libraries:                                   ║
    ║     libicudata.so.66                                 ║
    ║     libicui18n.so.66                                 ║
    ║     libicuuc.so.66                                   ║
    ║     libxml2.so.2                                     ║
    ║     libwoff2dec.so.1.0.2                             ║
    ║     libharfbuzz-icu.so.0                             ║
    ║     libwebp.so.6                                     ║
    ║     libenchant-2.so.2                                ║
    ║     libhyphen.so.0                                   ║
    ║     libffi.so.7                                      ║
    ╚══════════════════════════════════════════════════════╝
]]>
</failure>
</testcase>
</testsuite>
<testsuite name="character-flow.spec.ts" timestamp="2025-09-22T03:36:29.015Z" hostname="Mobile Chrome" tests="3" failures="0" skipped="1" time="13.71" errors="0">
<testcase name="Character Flow - Essential Tests › should load characters from API and display in table" classname="character-flow.spec.ts" time="3.13">
</testcase>
<testcase name="Character Flow - Essential Tests › should navigate to page 2 via pagination" classname="character-flow.spec.ts" time="3.019">
</testcase>
<testcase name="Character Flow - Essential Tests › should search for &quot;rick&quot; and find Rick Sanchez" classname="character-flow.spec.ts" time="7.561">
<skipped>
</skipped>
</testcase>
</testsuite>
<testsuite name="character-flow.spec.ts" timestamp="2025-09-22T03:36:29.015Z" hostname="Mobile Safari" tests="3" failures="3" skipped="0" time="0.016" errors="0">
<testcase name="Character Flow - Essential Tests › should load characters from API and display in table" classname="character-flow.spec.ts" time="0.006">
<failure message="character-flow.spec.ts:16:3 should load characters from API and display in table" type="FAILURE">
<![CDATA[  [Mobile Safari] › character-flow.spec.ts:16:3 › Character Flow - Essential Tests › should load characters from API and display in table 

    Error: browserType.launch: 
    ╔══════════════════════════════════════════════════════╗
    ║ Host system is missing dependencies to run browsers. ║
    ║ Missing libraries:                                   ║
    ║     libicudata.so.66                                 ║
    ║     libicui18n.so.66                                 ║
    ║     libicuuc.so.66                                   ║
    ║     libxml2.so.2                                     ║
    ║     libwoff2dec.so.1.0.2                             ║
    ║     libharfbuzz-icu.so.0                             ║
    ║     libwebp.so.6                                     ║
    ║     libenchant-2.so.2                                ║
    ║     libhyphen.so.0                                   ║
    ║     libffi.so.7                                      ║
    ╚══════════════════════════════════════════════════════╝
]]>
</failure>
</testcase>
<testcase name="Character Flow - Essential Tests › should navigate to page 2 via pagination" classname="character-flow.spec.ts" time="0.006">
<failure message="character-flow.spec.ts:37:3 should navigate to page 2 via pagination" type="FAILURE">
<![CDATA[  [Mobile Safari] › character-flow.spec.ts:37:3 › Character Flow - Essential Tests › should navigate to page 2 via pagination 

    Error: browserType.launch: 
    ╔══════════════════════════════════════════════════════╗
    ║ Host system is missing dependencies to run browsers. ║
    ║ Missing libraries:                                   ║
    ║     libicudata.so.66                                 ║
    ║     libicui18n.so.66                                 ║
    ║     libicuuc.so.66                                   ║
    ║     libxml2.so.2                                     ║
    ║     libwoff2dec.so.1.0.2                             ║
    ║     libharfbuzz-icu.so.0                             ║
    ║     libwebp.so.6                                     ║
    ║     libenchant-2.so.2                                ║
    ║     libhyphen.so.0                                   ║
    ║     libffi.so.7                                      ║
    ╚══════════════════════════════════════════════════════╝
]]>
</failure>
</testcase>
<testcase name="Character Flow - Essential Tests › should search for &quot;rick&quot; and find Rick Sanchez" classname="character-flow.spec.ts" time="0.004">
<failure message="character-flow.spec.ts:71:3 should search for &quot;rick&quot; and find Rick Sanchez" type="FAILURE">
<![CDATA[  [Mobile Safari] › character-flow.spec.ts:71:3 › Character Flow - Essential Tests › should search for "rick" and find Rick Sanchez 

    Error: browserType.launch: 
    ╔══════════════════════════════════════════════════════╗
    ║ Host system is missing dependencies to run browsers. ║
    ║ Missing libraries:                                   ║
    ║     libicudata.so.66                                 ║
    ║     libicui18n.so.66                                 ║
    ║     libicuuc.so.66                                   ║
    ║     libxml2.so.2                                     ║
    ║     libwoff2dec.so.1.0.2                             ║
    ║     libharfbuzz-icu.so.0                             ║
    ║     libwebp.so.6                                     ║
    ║     libenchant-2.so.2                                ║
    ║     libhyphen.so.0                                   ║
    ║     libffi.so.7                                      ║
    ╚══════════════════════════════════════════════════════╝
]]>
</failure>
</testcase>
</testsuite>
</testsuites>